  callbacks.cpp
  Firework.cpp
  main.cpp
  Particle.cpp
  Proyectil.cpp
  ParticleGenerator.cpp
  ParticleSys.cpp
  RenderUtils.cpp
  Camera.cpp
  Render.cpp
C:\hlocal\SimulacionFisicaVideojuegos\skeleton\Render\Camera.cpp(88,19): warning C5219: conversión implícita de "int" a "float"; posible pérdida de datos
C:\hlocal\SimulacionFisicaVideojuegos\skeleton\Render\Camera.cpp(90,19): warning C5219: conversión implícita de "int" a "float"; posible pérdida de datos
C:\hlocal\SimulacionFisicaVideojuegos\common\PhysX-3.4\PxShared\include\task\PxTask.h(329,1): warning C5220: "physx::PxLightCpuTask::mRefCount": un miembro de datos no estático con un tipo calificado volátil ya no implica
           que los constructores de copia/movimiento generados por el compilador y los operadores de asignación de copia o movimiento no sean triviales (compilando archivo de origen callbacks.cpp)
C:\hlocal\SimulacionFisicaVideojuegos\common\PhysX-3.4\PxShared\include\task\PxTask.h(326): message : vea la declaración de 'physx::PxLightCpuTask::mRefCount' (compilando archivo de origen callbacks.cpp)
C:\hlocal\SimulacionFisicaVideojuegos\common\PhysX-3.4\PxShared\include\task\PxTask.h(329,1): warning C5220: "physx::PxLightCpuTask::mRefCount": un miembro de datos no estático con un tipo calificado volátil ya no implica
           que los constructores de copia/movimiento generados por el compilador y los operadores de asignación de copia o movimiento no sean triviales (compilando archivo de origen Objetos\Firework.cpp)
C:\hlocal\SimulacionFisicaVideojuegos\common\PhysX-3.4\PxShared\include\task\PxTask.h(326): message : vea la declaración de 'physx::PxLightCpuTask::mRefCount' (compilando archivo de origen Objetos\Firework.cpp)
C:\hlocal\SimulacionFisicaVideojuegos\common\PhysX-3.4\PxShared\include\task\PxTask.h(329,1): warning C5220: "physx::PxLightCpuTask::mRefCount": un miembro de datos no estático con un tipo calificado volátil ya no implica
           que los constructores de copia/movimiento generados por el compilador y los operadores de asignación de copia o movimiento no sean triviales (compilando archivo de origen Systems\ParticleSys.cpp)
C:\hlocal\SimulacionFisicaVideojuegos\common\PhysX-3.4\PxShared\include\task\PxTask.h(326): message : vea la declaración de 'physx::PxLightCpuTask::mRefCount' (compilando archivo de origen Systems\ParticleSys.cpp)
C:\hlocal\SimulacionFisicaVideojuegos\common\PhysX-3.4\PxShared\include\task\PxTask.h(329,1): warning C5220: "physx::PxLightCpuTask::mRefCount": un miembro de datos no estático con un tipo calificado volátil ya no implica
           que los constructores de copia/movimiento generados por el compilador y los operadores de asignación de copia o movimiento no sean triviales (compilando archivo de origen Systems\ParticleGenerator.cpp)
C:\hlocal\SimulacionFisicaVideojuegos\common\PhysX-3.4\PxShared\include\task\PxTask.h(326): message : vea la declaración de 'physx::PxLightCpuTask::mRefCount' (compilando archivo de origen Systems\ParticleGenerator.cpp)
C:\hlocal\SimulacionFisicaVideojuegos\common\PhysX-3.4\PxShared\include\task\PxTask.h(329,1): warning C5220: "physx::PxLightCpuTask::mRefCount": un miembro de datos no estático con un tipo calificado volátil ya no implica
           que los constructores de copia/movimiento generados por el compilador y los operadores de asignación de copia o movimiento no sean triviales (compilando archivo de origen main.cpp)
C:\hlocal\SimulacionFisicaVideojuegos\common\PhysX-3.4\PxShared\include\task\PxTask.h(326): message : vea la declaración de 'physx::PxLightCpuTask::mRefCount' (compilando archivo de origen main.cpp)
C:\hlocal\SimulacionFisicaVideojuegos\common\PhysX-3.4\PxShared\include\task\PxTask.h(329,1): warning C5220: "physx::PxLightCpuTask::mRefCount": un miembro de datos no estático con un tipo calificado volátil ya no implica
           que los constructores de copia/movimiento generados por el compilador y los operadores de asignación de copia o movimiento no sean triviales (compilando archivo de origen Objetos\Proyectil.cpp)
C:\hlocal\SimulacionFisicaVideojuegos\common\PhysX-3.4\PxShared\include\task\PxTask.h(326): message : vea la declaración de 'physx::PxLightCpuTask::mRefCount' (compilando archivo de origen Objetos\Proyectil.cpp)
C:\hlocal\SimulacionFisicaVideojuegos\common\PhysX-3.4\PxShared\include\task\PxTask.h(329,1): warning C5220: "physx::PxLightCpuTask::mRefCount": un miembro de datos no estático con un tipo calificado volátil ya no implica
           que los constructores de copia/movimiento generados por el compilador y los operadores de asignación de copia o movimiento no sean triviales (compilando archivo de origen Render\Render.cpp)
C:\hlocal\SimulacionFisicaVideojuegos\common\PhysX-3.4\PxShared\include\task\PxTask.h(326): message : vea la declaración de 'physx::PxLightCpuTask::mRefCount' (compilando archivo de origen Render\Render.cpp)
C:\hlocal\SimulacionFisicaVideojuegos\common\PhysX-3.4\PxShared\include\task\PxTask.h(329,1): warning C5220: "physx::PxLightCpuTask::mRefCount": un miembro de datos no estático con un tipo calificado volátil ya no implica
           que los constructores de copia/movimiento generados por el compilador y los operadores de asignación de copia o movimiento no sean triviales (compilando archivo de origen RenderUtils.cpp)
C:\hlocal\SimulacionFisicaVideojuegos\common\PhysX-3.4\PxShared\include\task\PxTask.h(326): message : vea la declaración de 'physx::PxLightCpuTask::mRefCount' (compilando archivo de origen RenderUtils.cpp)
C:\hlocal\SimulacionFisicaVideojuegos\common\PhysX-3.4\PxShared\include\task\PxTask.h(329,1): warning C5220: "physx::PxLightCpuTask::mRefCount": un miembro de datos no estático con un tipo calificado volátil ya no implica
           que los constructores de copia/movimiento generados por el compilador y los operadores de asignación de copia o movimiento no sean triviales (compilando archivo de origen Objetos\Particle.cpp)
C:\hlocal\SimulacionFisicaVideojuegos\common\PhysX-3.4\PxShared\include\task\PxTask.h(326): message : vea la declaración de 'physx::PxLightCpuTask::mRefCount' (compilando archivo de origen Objetos\Particle.cpp)
C:\hlocal\SimulacionFisicaVideojuegos\skeleton\Objetos\Particle.h(13,3): warning C4265: "Particle": la clase tiene funciones virtuales, pero su destructor no trivial no es virtual; puede que las instancias de esta clase no se destruyan correctamente (compilando archivo de origen main.cpp)
C:\hlocal\SimulacionFisicaVideojuegos\skeleton\Objetos\Particle.h(13,3): warning C4265: "Particle": la clase tiene funciones virtuales, pero su destructor no trivial no es virtual; puede que las instancias de esta clase no se destruyan correctamente (compilando archivo de origen Systems\ParticleSys.cpp)
C:\hlocal\SimulacionFisicaVideojuegos\skeleton\Objetos\Particle.h(13,3): warning C4265: "Particle": la clase tiene funciones virtuales, pero su destructor no trivial no es virtual; puede que las instancias de esta clase no se destruyan correctamente (compilando archivo de origen Objetos\Proyectil.cpp)
C:\hlocal\SimulacionFisicaVideojuegos\skeleton\Objetos\Particle.h(13,3): warning C4265: "Particle": la clase tiene funciones virtuales, pero su destructor no trivial no es virtual; puede que las instancias de esta clase no se destruyan correctamente (compilando archivo de origen Systems\ParticleGenerator.cpp)
C:\hlocal\SimulacionFisicaVideojuegos\skeleton\Objetos\Proyectil.h(21,1): warning C4265: "Proyectil": la clase tiene funciones virtuales, pero su destructor no trivial no es virtual; puede que las instancias de esta clase no se destruyan correctamente (compilando archivo de origen Objetos\Proyectil.cpp)
C:\hlocal\SimulacionFisicaVideojuegos\skeleton\Objetos\Proyectil.cpp(3,94): warning C4100: 'masa': parámetro formal sin referencia
C:\hlocal\SimulacionFisicaVideojuegos\skeleton\Objetos\Proyectil.cpp(3,81): warning C4100: 'radius': parámetro formal sin referencia
C:\hlocal\SimulacionFisicaVideojuegos\skeleton\Objetos\Proyectil.cpp(3,68): warning C4100: 'dampin': parámetro formal sin referencia
C:\hlocal\SimulacionFisicaVideojuegos\skeleton\Objetos\Proyectil.cpp(3,56): warning C4100: 'acel': parámetro formal sin referencia
C:\hlocal\SimulacionFisicaVideojuegos\skeleton\Objetos\Proyectil.cpp(3,43): warning C4100: 'Vel': parámetro formal sin referencia
C:\hlocal\SimulacionFisicaVideojuegos\skeleton\Objetos\Proyectil.cpp(3,30): warning C4100: 'Pos': parámetro formal sin referencia
C:\hlocal\SimulacionFisicaVideojuegos\skeleton\Objetos\Proyectil.cpp(17,17): warning C4458: la declaración de 'radius' oculta el miembro de clase
C:\hlocal\SimulacionFisicaVideojuegos\skeleton\Objetos\Particle.h(61,8): message : vea la declaración de 'Particle::radius' (compilando archivo de origen Objetos\Proyectil.cpp)
C:\hlocal\SimulacionFisicaVideojuegos\skeleton\Objetos\Particle.h(13,3): warning C4265: "Particle": la clase tiene funciones virtuales, pero su destructor no trivial no es virtual; puede que las instancias de esta clase no se destruyan correctamente (compilando archivo de origen Objetos\Firework.cpp)
C:\hlocal\SimulacionFisicaVideojuegos\skeleton\Render\Render.cpp(132): warning C5045: El compilador insertará la mitigación de Spectre para la carga de memoria si se especificó el modificador /Qspectre
  C:\hlocal\SimulacionFisicaVideojuegos\skeleton\Render\Render.cpp(121) : nota: el intervalo "nbPolys" del índice se comprobó por comparación en esta línea
  C:\hlocal\SimulacionFisicaVideojuegos\common\PhysX-3.4\PxShared\include\foundation\PxVec3.h(105) : nota: suministra la carga de memoria en esta línea
C:\hlocal\SimulacionFisicaVideojuegos\skeleton\Objetos\Particle.h(13,3): warning C4265: "Particle": la clase tiene funciones virtuales, pero su destructor no trivial no es virtual; puede que las instancias de esta clase no se destruyan correctamente (compilando archivo de origen Objetos\Particle.cpp)
C:\hlocal\SimulacionFisicaVideojuegos\skeleton\Objetos\Particle.cpp(6,201): warning C5038: miembro de datos "Particle::livetime_" se inicializará después de miembro de datos "Particle::color"
C:\hlocal\SimulacionFisicaVideojuegos\skeleton\Objetos\Particle.cpp(19,87): warning C4458: la declaración de 'radius' oculta el miembro de clase
C:\hlocal\SimulacionFisicaVideojuegos\skeleton\Objetos\Particle.h(61,8): message : vea la declaración de 'Particle::radius' (compilando archivo de origen Objetos\Particle.cpp)
C:\hlocal\SimulacionFisicaVideojuegos\skeleton\Systems\ParticleGenerator.h(58,1): warning C4625: 'ParticleGenerator': el constructor de copia se definió implícitamente como eliminado (compilando archivo de origen main.cpp)
C:\hlocal\SimulacionFisicaVideojuegos\skeleton\Systems\ParticleGenerator.h(58,1): warning C4626: 'ParticleGenerator': el operador de asignaciones se definió implícitamente como eliminado (compilando archivo de origen main.cpp)
C:\hlocal\SimulacionFisicaVideojuegos\skeleton\Systems\ParticleGenerator.h(11,6): warning C4265: "ParticleGenerator": la clase tiene funciones virtuales, pero su destructor no trivial no es virtual; puede que las instancias de esta clase no se destruyan correctamente (compilando archivo de origen main.cpp)
C:\hlocal\SimulacionFisicaVideojuegos\skeleton\Systems\ParticleGenerator.h(58,1): warning C4625: 'ParticleGenerator': el constructor de copia se definió implícitamente como eliminado (compilando archivo de origen Systems\ParticleSys.cpp)
C:\hlocal\SimulacionFisicaVideojuegos\skeleton\Systems\ParticleGenerator.h(58,1): warning C4626: 'ParticleGenerator': el operador de asignaciones se definió implícitamente como eliminado (compilando archivo de origen Systems\ParticleSys.cpp)
C:\hlocal\SimulacionFisicaVideojuegos\skeleton\Systems\ParticleGenerator.h(11,6): warning C4265: "ParticleGenerator": la clase tiene funciones virtuales, pero su destructor no trivial no es virtual; puede que las instancias de esta clase no se destruyan correctamente (compilando archivo de origen Systems\ParticleSys.cpp)
C:\hlocal\SimulacionFisicaVideojuegos\skeleton\Systems\ParticleGenerator.h(10,46): warning C5038: miembro de datos "ParticleGenerator::random_color" se inicializará después de miembro de datos "ParticleGenerator::color" (compilando archivo de origen main.cpp)
C:\hlocal\SimulacionFisicaVideojuegos\skeleton\Systems\ParticleGenerator.h(10,46): warning C5038: miembro de datos "ParticleGenerator::random_color" se inicializará después de miembro de datos "ParticleGenerator::color" (compilando archivo de origen Systems\ParticleSys.cpp)
C:\hlocal\SimulacionFisicaVideojuegos\skeleton\Systems\ParticleGenerator.h(81,1): warning C4625: 'GausseanParticleGen': el constructor de copia se definió implícitamente como eliminado (compilando archivo de origen main.cpp)
C:\hlocal\SimulacionFisicaVideojuegos\skeleton\Systems\ParticleGenerator.h(81,1): warning C4626: 'GausseanParticleGen': el operador de asignaciones se definió implícitamente como eliminado (compilando archivo de origen main.cpp)
C:\hlocal\SimulacionFisicaVideojuegos\skeleton\Systems\ParticleGenerator.h(64,6): warning C4265: "GausseanParticleGen": la clase tiene funciones virtuales, pero su destructor no trivial no es virtual; puede que las instancias de esta clase no se destruyan correctamente (compilando archivo de origen main.cpp)
C:\hlocal\SimulacionFisicaVideojuegos\skeleton\Systems\ParticleGenerator.h(81,1): warning C4625: 'GausseanParticleGen': el constructor de copia se definió implícitamente como eliminado (compilando archivo de origen Systems\ParticleSys.cpp)
C:\hlocal\SimulacionFisicaVideojuegos\skeleton\Systems\ParticleGenerator.h(81,1): warning C4626: 'GausseanParticleGen': el operador de asignaciones se definió implícitamente como eliminado (compilando archivo de origen Systems\ParticleSys.cpp)
C:\hlocal\SimulacionFisicaVideojuegos\skeleton\Systems\ParticleGenerator.h(64,6): warning C4265: "GausseanParticleGen": la clase tiene funciones virtuales, pero su destructor no trivial no es virtual; puede que las instancias de esta clase no se destruyan correctamente (compilando archivo de origen Systems\ParticleSys.cpp)
C:\hlocal\SimulacionFisicaVideojuegos\skeleton\Systems\ParticleGenerator.h(99,1): warning C4625: 'UniformParticleGenerator': el constructor de copia se definió implícitamente como eliminado (compilando archivo de origen main.cpp)
C:\hlocal\SimulacionFisicaVideojuegos\skeleton\Systems\ParticleGenerator.h(99,1): warning C4626: 'UniformParticleGenerator': el operador de asignaciones se definió implícitamente como eliminado (compilando archivo de origen main.cpp)
C:\hlocal\SimulacionFisicaVideojuegos\skeleton\Systems\ParticleGenerator.h(86,6): warning C4265: "UniformParticleGenerator": la clase tiene funciones virtuales, pero su destructor no trivial no es virtual; puede que las instancias de esta clase no se destruyan correctamente (compilando archivo de origen main.cpp)
C:\hlocal\SimulacionFisicaVideojuegos\skeleton\Systems\ParticleGenerator.h(99,1): warning C4625: 'UniformParticleGenerator': el constructor de copia se definió implícitamente como eliminado (compilando archivo de origen Systems\ParticleSys.cpp)
C:\hlocal\SimulacionFisicaVideojuegos\skeleton\Systems\ParticleGenerator.h(99,1): warning C4626: 'UniformParticleGenerator': el operador de asignaciones se definió implícitamente como eliminado (compilando archivo de origen Systems\ParticleSys.cpp)
C:\hlocal\SimulacionFisicaVideojuegos\skeleton\Systems\ParticleGenerator.h(107,1): warning C4625: 'CircleGenerator': el constructor de copia se definió implícitamente como eliminado (compilando archivo de origen main.cpp)
C:\hlocal\SimulacionFisicaVideojuegos\skeleton\Systems\ParticleGenerator.h(86,6): warning C4265: "UniformParticleGenerator": la clase tiene funciones virtuales, pero su destructor no trivial no es virtual; puede que las instancias de esta clase no se destruyan correctamente (compilando archivo de origen Systems\ParticleSys.cpp)
C:\hlocal\SimulacionFisicaVideojuegos\skeleton\Systems\ParticleGenerator.h(107,1): warning C5026: 'CircleGenerator': el constructor de movimiento se definió implícitamente como eliminado (compilando archivo de origen main.cpp)
C:\hlocal\SimulacionFisicaVideojuegos\skeleton\Systems\ParticleGenerator.h(107,1): warning C4626: 'CircleGenerator': el operador de asignaciones se definió implícitamente como eliminado (compilando archivo de origen main.cpp)
C:\hlocal\SimulacionFisicaVideojuegos\skeleton\Systems\ParticleGenerator.h(107,1): warning C5027: 'CircleGenerator': el operador de asignaciones de movimiento se definió implícitamente como eliminado (compilando archivo de origen main.cpp)
C:\hlocal\SimulacionFisicaVideojuegos\skeleton\Systems\ParticleGenerator.h(107,1): warning C4265: "CircleGenerator": la clase tiene funciones virtuales, pero su destructor no trivial no es virtual; puede que las instancias de esta clase no se destruyan correctamente (compilando archivo de origen main.cpp)
C:\hlocal\SimulacionFisicaVideojuegos\skeleton\Systems\ParticleGenerator.h(107,1): warning C4625: 'CircleGenerator': el constructor de copia se definió implícitamente como eliminado (compilando archivo de origen Systems\ParticleSys.cpp)
C:\hlocal\SimulacionFisicaVideojuegos\skeleton\Systems\ParticleGenerator.h(107,1): warning C5026: 'CircleGenerator': el constructor de movimiento se definió implícitamente como eliminado (compilando archivo de origen Systems\ParticleSys.cpp)
C:\hlocal\SimulacionFisicaVideojuegos\skeleton\Systems\ParticleGenerator.h(114,1): warning C4625: 'SphereGenerator': el constructor de copia se definió implícitamente como eliminado (compilando archivo de origen main.cpp)
C:\hlocal\SimulacionFisicaVideojuegos\skeleton\Systems\ParticleGenerator.h(107,1): warning C4626: 'CircleGenerator': el operador de asignaciones se definió implícitamente como eliminado (compilando archivo de origen Systems\ParticleSys.cpp)
C:\hlocal\SimulacionFisicaVideojuegos\skeleton\Systems\ParticleGenerator.h(114,1): warning C5026: 'SphereGenerator': el constructor de movimiento se definió implícitamente como eliminado (compilando archivo de origen main.cpp)
C:\hlocal\SimulacionFisicaVideojuegos\skeleton\Systems\ParticleGenerator.h(107,1): warning C5027: 'CircleGenerator': el operador de asignaciones de movimiento se definió implícitamente como eliminado (compilando archivo de origen Systems\ParticleSys.cpp)
C:\hlocal\SimulacionFisicaVideojuegos\skeleton\Systems\ParticleGenerator.h(114,1): warning C4626: 'SphereGenerator': el operador de asignaciones se definió implícitamente como eliminado (compilando archivo de origen main.cpp)
C:\hlocal\SimulacionFisicaVideojuegos\skeleton\Systems\ParticleGenerator.h(107,1): warning C4265: "CircleGenerator": la clase tiene funciones virtuales, pero su destructor no trivial no es virtual; puede que las instancias de esta clase no se destruyan correctamente (compilando archivo de origen Systems\ParticleSys.cpp)
C:\hlocal\SimulacionFisicaVideojuegos\skeleton\Systems\ParticleGenerator.h(114,1): warning C5027: 'SphereGenerator': el operador de asignaciones de movimiento se definió implícitamente como eliminado (compilando archivo de origen main.cpp)
C:\hlocal\SimulacionFisicaVideojuegos\skeleton\Systems\ParticleGenerator.h(114,1): warning C4265: "SphereGenerator": la clase tiene funciones virtuales, pero su destructor no trivial no es virtual; puede que las instancias de esta clase no se destruyan correctamente (compilando archivo de origen main.cpp)
C:\hlocal\SimulacionFisicaVideojuegos\skeleton\Systems\ParticleGenerator.h(114,1): warning C4625: 'SphereGenerator': el constructor de copia se definió implícitamente como eliminado (compilando archivo de origen Systems\ParticleSys.cpp)
C:\hlocal\SimulacionFisicaVideojuegos\skeleton\Systems\ParticleGenerator.h(114,1): warning C5026: 'SphereGenerator': el constructor de movimiento se definió implícitamente como eliminado (compilando archivo de origen Systems\ParticleSys.cpp)
C:\hlocal\SimulacionFisicaVideojuegos\skeleton\Systems\ParticleGenerator.h(114,1): warning C4626: 'SphereGenerator': el operador de asignaciones se definió implícitamente como eliminado (compilando archivo de origen Systems\ParticleSys.cpp)
C:\hlocal\SimulacionFisicaVideojuegos\skeleton\Systems\ParticleGenerator.h(114,1): warning C5027: 'SphereGenerator': el operador de asignaciones de movimiento se definió implícitamente como eliminado (compilando archivo de origen Systems\ParticleSys.cpp)
C:\hlocal\SimulacionFisicaVideojuegos\skeleton\Systems\ParticleGenerator.h(114,1): warning C4265: "SphereGenerator": la clase tiene funciones virtuales, pero su destructor no trivial no es virtual; puede que las instancias de esta clase no se destruyan correctamente (compilando archivo de origen Systems\ParticleSys.cpp)
C:\hlocal\SimulacionFisicaVideojuegos\skeleton\Objetos\Firework.h(34,1): warning C4265: "Firework": la clase tiene funciones virtuales, pero su destructor no trivial no es virtual; puede que las instancias de esta clase no se destruyan correctamente (compilando archivo de origen main.cpp)
C:\hlocal\SimulacionFisicaVideojuegos\skeleton\Objetos\Firework.h(34,1): warning C4265: "Firework": la clase tiene funciones virtuales, pero su destructor no trivial no es virtual; puede que las instancias de esta clase no se destruyan correctamente (compilando archivo de origen Systems\ParticleSys.cpp)
C:\hlocal\SimulacionFisicaVideojuegos\skeleton\Systems\ParticleSys.cpp(11,3): warning C5205: la eliminación de una clase abstracta "ParticleGenerator" que tiene un destructor no virtual produce un comportamiento no definido
C:\hlocal\SimulacionFisicaVideojuegos\skeleton\Systems\ParticleGenerator.h(7): message : vea la declaración de 'ParticleGenerator'
C:\hlocal\SimulacionFisicaVideojuegos\skeleton\Systems\ParticleSys.cpp(28,15): warning C4541: 'dynamic_cast' se ha utilizado en el tipo polimórfico 'Particle' con /GR-; puede tener como resultado un comportamiento impredecible
C:\hlocal\SimulacionFisicaVideojuegos\skeleton\Objetos\Proyectil.h(21,1): warning C4265: "Proyectil": la clase tiene funciones virtuales, pero su destructor no trivial no es virtual; puede que las instancias de esta clase no se destruyan correctamente (compilando archivo de origen main.cpp)
C:\hlocal\SimulacionFisicaVideojuegos\skeleton\Systems\ParticleSys.cpp(61,3): warning C5205: la eliminación de una clase abstracta "ParticleGenerator" que tiene un destructor no virtual produce un comportamiento no definido
C:\hlocal\SimulacionFisicaVideojuegos\skeleton\Systems\ParticleGenerator.h(7): message : vea la declaración de 'ParticleGenerator'
C:\hlocal\SimulacionFisicaVideojuegos\skeleton\main.cpp(77,20): warning C4388: '<': no coinciden signed/unsigned
C:\hlocal\SimulacionFisicaVideojuegos\skeleton\main.cpp(111,20): warning C4388: '<': no coinciden signed/unsigned
C:\hlocal\SimulacionFisicaVideojuegos\skeleton\Systems\ParticleSys.cpp(133,12): warning C4101: 'fire': variable local sin referencia
C:\hlocal\SimulacionFisicaVideojuegos\skeleton\Systems\ParticleGenerator.h(58,1): warning C4625: 'ParticleGenerator': el constructor de copia se definió implícitamente como eliminado (compilando archivo de origen Systems\ParticleGenerator.cpp)
C:\hlocal\SimulacionFisicaVideojuegos\skeleton\Systems\ParticleGenerator.h(58,1): warning C4626: 'ParticleGenerator': el operador de asignaciones se definió implícitamente como eliminado (compilando archivo de origen Systems\ParticleGenerator.cpp)
C:\hlocal\SimulacionFisicaVideojuegos\skeleton\Systems\ParticleGenerator.h(11,6): warning C4265: "ParticleGenerator": la clase tiene funciones virtuales, pero su destructor no trivial no es virtual; puede que las instancias de esta clase no se destruyan correctamente (compilando archivo de origen Systems\ParticleGenerator.cpp)
C:\hlocal\SimulacionFisicaVideojuegos\skeleton\Systems\ParticleGenerator.h(10,46): warning C5038: miembro de datos "ParticleGenerator::random_color" se inicializará después de miembro de datos "ParticleGenerator::color" (compilando archivo de origen Systems\ParticleGenerator.cpp)
C:\hlocal\SimulacionFisicaVideojuegos\skeleton\Systems\ParticleGenerator.h(81,1): warning C4625: 'GausseanParticleGen': el constructor de copia se definió implícitamente como eliminado (compilando archivo de origen Systems\ParticleGenerator.cpp)
C:\hlocal\SimulacionFisicaVideojuegos\skeleton\Systems\ParticleGenerator.h(81,1): warning C4626: 'GausseanParticleGen': el operador de asignaciones se definió implícitamente como eliminado (compilando archivo de origen Systems\ParticleGenerator.cpp)
C:\hlocal\SimulacionFisicaVideojuegos\skeleton\Systems\ParticleGenerator.h(64,6): warning C4265: "GausseanParticleGen": la clase tiene funciones virtuales, pero su destructor no trivial no es virtual; puede que las instancias de esta clase no se destruyan correctamente (compilando archivo de origen Systems\ParticleGenerator.cpp)
C:\hlocal\SimulacionFisicaVideojuegos\skeleton\Systems\ParticleGenerator.h(99,1): warning C4625: 'UniformParticleGenerator': el constructor de copia se definió implícitamente como eliminado (compilando archivo de origen Systems\ParticleGenerator.cpp)
C:\hlocal\SimulacionFisicaVideojuegos\skeleton\Systems\ParticleGenerator.h(99,1): warning C4626: 'UniformParticleGenerator': el operador de asignaciones se definió implícitamente como eliminado (compilando archivo de origen Systems\ParticleGenerator.cpp)
C:\hlocal\SimulacionFisicaVideojuegos\skeleton\Systems\ParticleGenerator.h(86,6): warning C4265: "UniformParticleGenerator": la clase tiene funciones virtuales, pero su destructor no trivial no es virtual; puede que las instancias de esta clase no se destruyan correctamente (compilando archivo de origen Systems\ParticleGenerator.cpp)
C:\hlocal\SimulacionFisicaVideojuegos\skeleton\Systems\ParticleGenerator.h(107,1): warning C4625: 'CircleGenerator': el constructor de copia se definió implícitamente como eliminado (compilando archivo de origen Systems\ParticleGenerator.cpp)
C:\hlocal\SimulacionFisicaVideojuegos\skeleton\Systems\ParticleGenerator.h(107,1): warning C5026: 'CircleGenerator': el constructor de movimiento se definió implícitamente como eliminado (compilando archivo de origen Systems\ParticleGenerator.cpp)
C:\hlocal\SimulacionFisicaVideojuegos\skeleton\Systems\ParticleGenerator.h(107,1): warning C4626: 'CircleGenerator': el operador de asignaciones se definió implícitamente como eliminado (compilando archivo de origen Systems\ParticleGenerator.cpp)
C:\hlocal\SimulacionFisicaVideojuegos\skeleton\Systems\ParticleGenerator.h(107,1): warning C5027: 'CircleGenerator': el operador de asignaciones de movimiento se definió implícitamente como eliminado (compilando archivo de origen Systems\ParticleGenerator.cpp)
C:\hlocal\SimulacionFisicaVideojuegos\skeleton\Systems\ParticleGenerator.h(107,1): warning C4265: "CircleGenerator": la clase tiene funciones virtuales, pero su destructor no trivial no es virtual; puede que las instancias de esta clase no se destruyan correctamente (compilando archivo de origen Systems\ParticleGenerator.cpp)
C:\hlocal\SimulacionFisicaVideojuegos\skeleton\Systems\ParticleGenerator.h(114,1): warning C4625: 'SphereGenerator': el constructor de copia se definió implícitamente como eliminado (compilando archivo de origen Systems\ParticleGenerator.cpp)
C:\hlocal\SimulacionFisicaVideojuegos\skeleton\Systems\ParticleGenerator.h(114,1): warning C5026: 'SphereGenerator': el constructor de movimiento se definió implícitamente como eliminado (compilando archivo de origen Systems\ParticleGenerator.cpp)
C:\hlocal\SimulacionFisicaVideojuegos\skeleton\Systems\ParticleGenerator.h(114,1): warning C4626: 'SphereGenerator': el operador de asignaciones se definió implícitamente como eliminado (compilando archivo de origen Systems\ParticleGenerator.cpp)
C:\hlocal\SimulacionFisicaVideojuegos\skeleton\Systems\ParticleGenerator.h(114,1): warning C5027: 'SphereGenerator': el operador de asignaciones de movimiento se definió implícitamente como eliminado (compilando archivo de origen Systems\ParticleGenerator.cpp)
C:\hlocal\SimulacionFisicaVideojuegos\skeleton\Systems\ParticleGenerator.h(114,1): warning C4265: "SphereGenerator": la clase tiene funciones virtuales, pero su destructor no trivial no es virtual; puede que las instancias de esta clase no se destruyan correctamente (compilando archivo de origen Systems\ParticleGenerator.cpp)
C:\hlocal\SimulacionFisicaVideojuegos\skeleton\Objetos\Firework.h(34,1): warning C4265: "Firework": la clase tiene funciones virtuales, pero su destructor no trivial no es virtual; puede que las instancias de esta clase no se destruyan correctamente (compilando archivo de origen Systems\ParticleGenerator.cpp)
C:\hlocal\SimulacionFisicaVideojuegos\skeleton\Systems\ParticleGenerator.cpp(83,22): warning C4541: 'dynamic_cast' se ha utilizado en el tipo polimórfico 'Particle' con /GR-; puede tener como resultado un comportamiento impredecible
C:\hlocal\SimulacionFisicaVideojuegos\skeleton\Systems\ParticleGenerator.cpp(189,17): warning C4541: 'dynamic_cast' se ha utilizado en el tipo polimórfico 'Particle' con /GR-; puede tener como resultado un comportamiento impredecible
C:\hlocal\SimulacionFisicaVideojuegos\skeleton\Systems\ParticleGenerator.cpp(172,8): warning C4189: 'grav': la variable local se ha inicializado pero no se hace referencia a ella
C:\hlocal\SimulacionFisicaVideojuegos\skeleton\Systems\ParticleGenerator.cpp(216,39): warning C4100: 'vel': parámetro formal sin referencia
C:\hlocal\SimulacionFisicaVideojuegos\skeleton\Systems\ParticleGenerator.cpp(235,21): warning C4541: 'dynamic_cast' se ha utilizado en el tipo polimórfico 'Particle' con /GR-; puede tener como resultado un comportamiento impredecible
C:\hlocal\SimulacionFisicaVideojuegos\skeleton\Systems\ParticleGenerator.cpp(239,50): warning C5219: conversión implícita de "int" a "float"; posible pérdida de datos
C:\hlocal\SimulacionFisicaVideojuegos\skeleton\Systems\ParticleGenerator.cpp(239,67): warning C5219: conversión implícita de "int" a "float"; posible pérdida de datos
C:\hlocal\SimulacionFisicaVideojuegos\skeleton\Systems\ParticleGenerator.cpp(250,51): warning C5219: conversión implícita de "int" a "float"; posible pérdida de datos
C:\hlocal\SimulacionFisicaVideojuegos\skeleton\Systems\ParticleGenerator.cpp(250,70): warning C5219: conversión implícita de "int" a "float"; posible pérdida de datos
C:\hlocal\SimulacionFisicaVideojuegos\skeleton\Systems\ParticleGenerator.h(58,1): warning C4625: 'ParticleGenerator': el constructor de copia se definió implícitamente como eliminado (compilando archivo de origen Objetos\Firework.cpp)
C:\hlocal\SimulacionFisicaVideojuegos\skeleton\Systems\ParticleGenerator.cpp(262,38): warning C4100: 'vel': parámetro formal sin referencia
C:\hlocal\SimulacionFisicaVideojuegos\skeleton\Systems\ParticleGenerator.h(58,1): warning C4626: 'ParticleGenerator': el operador de asignaciones se definió implícitamente como eliminado (compilando archivo de origen Objetos\Firework.cpp)
C:\hlocal\SimulacionFisicaVideojuegos\skeleton\Systems\ParticleGenerator.h(11,6): warning C4265: "ParticleGenerator": la clase tiene funciones virtuales, pero su destructor no trivial no es virtual; puede que las instancias de esta clase no se destruyan correctamente (compilando archivo de origen Objetos\Firework.cpp)
C:\hlocal\SimulacionFisicaVideojuegos\skeleton\Systems\ParticleGenerator.cpp(281,21): warning C4541: 'dynamic_cast' se ha utilizado en el tipo polimórfico 'Particle' con /GR-; puede tener como resultado un comportamiento impredecible
C:\hlocal\SimulacionFisicaVideojuegos\skeleton\Systems\ParticleGenerator.cpp(285,65): warning C5219: conversión implícita de "int" a "float"; posible pérdida de datos
C:\hlocal\SimulacionFisicaVideojuegos\skeleton\Systems\ParticleGenerator.cpp(285,97): warning C5219: conversión implícita de "int" a "float"; posible pérdida de datos
C:\hlocal\SimulacionFisicaVideojuegos\skeleton\Systems\ParticleGenerator.cpp(285,116): warning C5219: conversión implícita de "int" a "float"; posible pérdida de datos
C:\hlocal\SimulacionFisicaVideojuegos\skeleton\Systems\ParticleGenerator.h(10,46): warning C5038: miembro de datos "ParticleGenerator::random_color" se inicializará después de miembro de datos "ParticleGenerator::color" (compilando archivo de origen Objetos\Firework.cpp)
C:\hlocal\SimulacionFisicaVideojuegos\skeleton\Systems\ParticleGenerator.cpp(296,64): warning C5219: conversión implícita de "int" a "float"; posible pérdida de datos
C:\hlocal\SimulacionFisicaVideojuegos\skeleton\Systems\ParticleGenerator.cpp(296,96): warning C5219: conversión implícita de "int" a "float"; posible pérdida de datos
C:\hlocal\SimulacionFisicaVideojuegos\skeleton\Systems\ParticleGenerator.cpp(296,115): warning C5219: conversión implícita de "int" a "float"; posible pérdida de datos
C:\hlocal\SimulacionFisicaVideojuegos\skeleton\Systems\ParticleGenerator.h(81,1): warning C4625: 'GausseanParticleGen': el constructor de copia se definió implícitamente como eliminado (compilando archivo de origen Objetos\Firework.cpp)
C:\hlocal\SimulacionFisicaVideojuegos\skeleton\Systems\ParticleGenerator.h(81,1): warning C4626: 'GausseanParticleGen': el operador de asignaciones se definió implícitamente como eliminado (compilando archivo de origen Objetos\Firework.cpp)
C:\hlocal\SimulacionFisicaVideojuegos\skeleton\Systems\ParticleGenerator.h(64,6): warning C4265: "GausseanParticleGen": la clase tiene funciones virtuales, pero su destructor no trivial no es virtual; puede que las instancias de esta clase no se destruyan correctamente (compilando archivo de origen Objetos\Firework.cpp)
C:\hlocal\SimulacionFisicaVideojuegos\skeleton\Systems\ParticleGenerator.h(99,1): warning C4625: 'UniformParticleGenerator': el constructor de copia se definió implícitamente como eliminado (compilando archivo de origen Objetos\Firework.cpp)
C:\hlocal\SimulacionFisicaVideojuegos\skeleton\Systems\ParticleGenerator.h(99,1): warning C4626: 'UniformParticleGenerator': el operador de asignaciones se definió implícitamente como eliminado (compilando archivo de origen Objetos\Firework.cpp)
C:\hlocal\SimulacionFisicaVideojuegos\skeleton\Systems\ParticleGenerator.h(86,6): warning C4265: "UniformParticleGenerator": la clase tiene funciones virtuales, pero su destructor no trivial no es virtual; puede que las instancias de esta clase no se destruyan correctamente (compilando archivo de origen Objetos\Firework.cpp)
C:\hlocal\SimulacionFisicaVideojuegos\skeleton\Systems\ParticleGenerator.h(107,1): warning C4625: 'CircleGenerator': el constructor de copia se definió implícitamente como eliminado (compilando archivo de origen Objetos\Firework.cpp)
C:\hlocal\SimulacionFisicaVideojuegos\skeleton\Systems\ParticleGenerator.h(107,1): warning C5026: 'CircleGenerator': el constructor de movimiento se definió implícitamente como eliminado (compilando archivo de origen Objetos\Firework.cpp)
C:\hlocal\SimulacionFisicaVideojuegos\skeleton\Systems\ParticleGenerator.h(107,1): warning C4626: 'CircleGenerator': el operador de asignaciones se definió implícitamente como eliminado (compilando archivo de origen Objetos\Firework.cpp)
C:\hlocal\SimulacionFisicaVideojuegos\skeleton\Systems\ParticleGenerator.h(107,1): warning C5027: 'CircleGenerator': el operador de asignaciones de movimiento se definió implícitamente como eliminado (compilando archivo de origen Objetos\Firework.cpp)
C:\hlocal\SimulacionFisicaVideojuegos\skeleton\Systems\ParticleGenerator.h(107,1): warning C4265: "CircleGenerator": la clase tiene funciones virtuales, pero su destructor no trivial no es virtual; puede que las instancias de esta clase no se destruyan correctamente (compilando archivo de origen Objetos\Firework.cpp)
C:\hlocal\SimulacionFisicaVideojuegos\skeleton\Systems\ParticleGenerator.h(114,1): warning C4625: 'SphereGenerator': el constructor de copia se definió implícitamente como eliminado (compilando archivo de origen Objetos\Firework.cpp)
C:\hlocal\SimulacionFisicaVideojuegos\skeleton\Systems\ParticleGenerator.h(114,1): warning C5026: 'SphereGenerator': el constructor de movimiento se definió implícitamente como eliminado (compilando archivo de origen Objetos\Firework.cpp)
C:\hlocal\SimulacionFisicaVideojuegos\skeleton\Systems\ParticleGenerator.h(114,1): warning C4626: 'SphereGenerator': el operador de asignaciones se definió implícitamente como eliminado (compilando archivo de origen Objetos\Firework.cpp)
C:\hlocal\SimulacionFisicaVideojuegos\skeleton\Systems\ParticleGenerator.h(114,1): warning C5027: 'SphereGenerator': el operador de asignaciones de movimiento se definió implícitamente como eliminado (compilando archivo de origen Objetos\Firework.cpp)
C:\hlocal\SimulacionFisicaVideojuegos\skeleton\Systems\ParticleGenerator.h(114,1): warning C4265: "SphereGenerator": la clase tiene funciones virtuales, pero su destructor no trivial no es virtual; puede que las instancias de esta clase no se destruyan correctamente (compilando archivo de origen Objetos\Firework.cpp)
C:\hlocal\SimulacionFisicaVideojuegos\skeleton\Objetos\Firework.h(34,1): warning C4265: "Firework": la clase tiene funciones virtuales, pero su destructor no trivial no es virtual; puede que las instancias de esta clase no se destruyan correctamente (compilando archivo de origen Objetos\Firework.cpp)
C:\hlocal\SimulacionFisicaVideojuegos\skeleton\Objetos\Firework.cpp(8,29): warning C4100: 't': parámetro formal sin referencia
C:\hlocal\SimulacionFisicaVideojuegos\skeleton\Systems\ParticleGenerator.h(12): warning C4706: asignación en la expresión condicional
C:\hlocal\SimulacionFisicaVideojuegos\skeleton\Systems\ParticleGenerator.h(12): warning C4706: asignación en la expresión condicional
  game.vcxproj -> C:\hlocal\SimulacionFisicaVideojuegos\bin\game.exe
